{"/Users/nickrohde/projects/JSCert/JS330/Final/watchlist/server.js": {"path":"/Users/nickrohde/projects/JSCert/JS330/Final/watchlist/server.js","statementMap":{"0":{"start":{"line":1,"column":16},"end":{"line":1,"column":34}},"1":{"start":{"line":2,"column":24},"end":{"line":2,"column":51}},"2":{"start":{"line":4,"column":15},"end":{"line":4,"column":34}},"3":{"start":{"line":6,"column":15},"end":{"line":6,"column":24}},"4":{"start":{"line":7,"column":0},"end":{"line":7,"column":27}},"5":{"start":{"line":8,"column":0},"end":{"line":8,"column":45}},"6":{"start":{"line":9,"column":0},"end":{"line":9,"column":38}},"7":{"start":{"line":11,"column":0},"end":{"line":11,"column":37}},"8":{"start":{"line":13,"column":0},"end":{"line":13,"column":19}},"9":{"start":{"line":15,"column":0},"end":{"line":15,"column":24}}},"fnMap":{},"branchMap":{},"s":{"0":3,"1":3,"2":3,"3":3,"4":3,"5":3,"6":3,"7":3,"8":3,"9":3},"f":{},"b":{},"_coverageSchema":"1a1c01bbd47fc00a2c39e90264f33305004495a9","hash":"349051ffebd26d5eae1c4d0752c4709be819dbe6"}
,"/Users/nickrohde/projects/JSCert/JS330/Final/watchlist/test-utils.js": {"path":"/Users/nickrohde/projects/JSCert/JS330/Final/watchlist/test-utils.js","statementMap":{"0":{"start":{"line":1,"column":17},"end":{"line":1,"column":36}},"1":{"start":{"line":2,"column":15},"end":{"line":6,"column":1}},"2":{"start":{"line":8,"column":0},"end":{"line":8,"column":20}},"3":{"start":{"line":10,"column":0},"end":{"line":13,"column":2}},"4":{"start":{"line":11,"column":2},"end":{"line":11,"column":52}},"5":{"start":{"line":12,"column":2},"end":{"line":12,"column":56}},"6":{"start":{"line":12,"column":38},"end":{"line":12,"column":53}},"7":{"start":{"line":15,"column":0},"end":{"line":17,"column":2}},"8":{"start":{"line":16,"column":2},"end":{"line":16,"column":30}},"9":{"start":{"line":19,"column":0},"end":{"line":21,"column":2}},"10":{"start":{"line":20,"column":2},"end":{"line":20,"column":63}},"11":{"start":{"line":20,"column":42},"end":{"line":20,"column":60}},"12":{"start":{"line":23,"column":0},"end":{"line":29,"column":2}},"13":{"start":{"line":24,"column":17},"end":{"line":24,"column":50}},"14":{"start":{"line":25,"column":2},"end":{"line":27,"column":3}},"15":{"start":{"line":26,"column":4},"end":{"line":26,"column":39}},"16":{"start":{"line":28,"column":2},"end":{"line":28,"column":16}},"17":{"start":{"line":31,"column":0},"end":{"line":37,"column":2}},"18":{"start":{"line":32,"column":18},"end":{"line":32,"column":48}},"19":{"start":{"line":33,"column":2},"end":{"line":35,"column":5}},"20":{"start":{"line":34,"column":4},"end":{"line":34,"column":39}},"21":{"start":{"line":36,"column":2},"end":{"line":36,"column":17}}},"fnMap":{"0":{"name":"(anonymous_0)","decl":{"start":{"line":10,"column":27},"end":{"line":10,"column":28}},"loc":{"start":{"line":10,"column":39},"end":{"line":13,"column":1}},"line":10},"1":{"name":"(anonymous_1)","decl":{"start":{"line":12,"column":31},"end":{"line":12,"column":32}},"loc":{"start":{"line":12,"column":38},"end":{"line":12,"column":53}},"line":12},"2":{"name":"(anonymous_2)","decl":{"start":{"line":15,"column":24},"end":{"line":15,"column":25}},"loc":{"start":{"line":15,"column":36},"end":{"line":17,"column":1}},"line":15},"3":{"name":"(anonymous_3)","decl":{"start":{"line":19,"column":25},"end":{"line":19,"column":26}},"loc":{"start":{"line":19,"column":37},"end":{"line":21,"column":1}},"line":19},"4":{"name":"(anonymous_4)","decl":{"start":{"line":20,"column":31},"end":{"line":20,"column":32}},"loc":{"start":{"line":20,"column":42},"end":{"line":20,"column":60}},"line":20},"5":{"name":"(anonymous_5)","decl":{"start":{"line":23,"column":25},"end":{"line":23,"column":26}},"loc":{"start":{"line":23,"column":49},"end":{"line":29,"column":1}},"line":23},"6":{"name":"(anonymous_6)","decl":{"start":{"line":31,"column":22},"end":{"line":31,"column":23}},"loc":{"start":{"line":31,"column":46},"end":{"line":37,"column":1}},"line":31},"7":{"name":"(anonymous_7)","decl":{"start":{"line":33,"column":18},"end":{"line":33,"column":19}},"loc":{"start":{"line":33,"column":30},"end":{"line":35,"column":3}},"line":33}},"branchMap":{"0":{"loc":{"start":{"line":25,"column":2},"end":{"line":27,"column":3}},"type":"if","locations":[{"start":{"line":25,"column":2},"end":{"line":27,"column":3}},{"start":{},"end":{}}],"line":25}},"s":{"0":3,"1":3,"2":3,"3":3,"4":3,"5":3,"6":9,"7":3,"8":3,"9":3,"10":47,"11":141,"12":3,"13":1,"14":1,"15":1,"16":1,"17":3,"18":0,"19":0,"20":0,"21":0},"f":{"0":3,"1":9,"2":3,"3":47,"4":141,"5":1,"6":0,"7":0},"b":{"0":[1,0]},"_coverageSchema":"1a1c01bbd47fc00a2c39e90264f33305004495a9","hash":"a7690153a9905e199c70abb4797e67d9fe4c7d27"}
,"/Users/nickrohde/projects/JSCert/JS330/Final/watchlist/daos/suggestions.js": {"path":"/Users/nickrohde/projects/JSCert/JS330/Final/watchlist/daos/suggestions.js","statementMap":{"0":{"start":{"line":1,"column":17},"end":{"line":1,"column":36}},"1":{"start":{"line":3,"column":19},"end":{"line":3,"column":50}},"2":{"start":{"line":5,"column":0},"end":{"line":5,"column":20}},"3":{"start":{"line":13,"column":0},"end":{"line":15,"column":2}},"4":{"start":{"line":14,"column":2},"end":{"line":14,"column":37}},"5":{"start":{"line":24,"column":0},"end":{"line":30,"column":2}},"6":{"start":{"line":25,"column":2},"end":{"line":27,"column":3}},"7":{"start":{"line":26,"column":4},"end":{"line":26,"column":17}},"8":{"start":{"line":28,"column":2},"end":{"line":28,"column":57}},"9":{"start":{"line":29,"column":2},"end":{"line":29,"column":14}},"10":{"start":{"line":37,"column":0},"end":{"line":39,"column":2}},"11":{"start":{"line":38,"column":2},"end":{"line":38,"column":35}},"12":{"start":{"line":47,"column":0},"end":{"line":54,"column":2}},"13":{"start":{"line":48,"column":2},"end":{"line":53,"column":3}},"14":{"start":{"line":49,"column":18},"end":{"line":49,"column":62}},"15":{"start":{"line":50,"column":4},"end":{"line":50,"column":17}},"16":{"start":{"line":52,"column":4},"end":{"line":52,"column":16}},"17":{"start":{"line":62,"column":0},"end":{"line":68,"column":2}},"18":{"start":{"line":63,"column":2},"end":{"line":67,"column":3}},"19":{"start":{"line":64,"column":4},"end":{"line":64,"column":57}},"20":{"start":{"line":66,"column":4},"end":{"line":66,"column":16}},"21":{"start":{"line":71,"column":0},"end":{"line":71,"column":43}}},"fnMap":{"0":{"name":"(anonymous_0)","decl":{"start":{"line":13,"column":29},"end":{"line":13,"column":30}},"loc":{"start":{"line":13,"column":49},"end":{"line":15,"column":1}},"line":13},"1":{"name":"(anonymous_1)","decl":{"start":{"line":24,"column":29},"end":{"line":24,"column":30}},"loc":{"start":{"line":24,"column":58},"end":{"line":30,"column":1}},"line":24},"2":{"name":"(anonymous_2)","decl":{"start":{"line":37,"column":24},"end":{"line":37,"column":25}},"loc":{"start":{"line":37,"column":36},"end":{"line":39,"column":1}},"line":37},"3":{"name":"(anonymous_3)","decl":{"start":{"line":47,"column":25},"end":{"line":47,"column":26}},"loc":{"start":{"line":47,"column":39},"end":{"line":54,"column":1}},"line":47},"4":{"name":"(anonymous_4)","decl":{"start":{"line":62,"column":28},"end":{"line":62,"column":29}},"loc":{"start":{"line":62,"column":41},"end":{"line":68,"column":1}},"line":62}},"branchMap":{"0":{"loc":{"start":{"line":25,"column":2},"end":{"line":27,"column":3}},"type":"if","locations":[{"start":{"line":25,"column":2},"end":{"line":27,"column":3}},{"start":{},"end":{}}],"line":25}},"s":{"0":3,"1":3,"2":3,"3":3,"4":5,"5":3,"6":1,"7":0,"8":1,"9":1,"10":3,"11":1,"12":3,"13":5,"14":5,"15":4,"16":1,"17":3,"18":2,"19":2,"20":0,"21":3},"f":{"0":5,"1":1,"2":1,"3":5,"4":2},"b":{"0":[0,1]},"_coverageSchema":"1a1c01bbd47fc00a2c39e90264f33305004495a9","hash":"8cf90487dff4a038fcda698dc41c4fdfd98923ef"}
,"/Users/nickrohde/projects/JSCert/JS330/Final/watchlist/daos/token.js": {"path":"/Users/nickrohde/projects/JSCert/JS330/Final/watchlist/daos/token.js","statementMap":{"0":{"start":{"line":1,"column":17},"end":{"line":1,"column":36}},"1":{"start":{"line":2,"column":13},"end":{"line":2,"column":28}},"2":{"start":{"line":4,"column":14},"end":{"line":4,"column":40}},"3":{"start":{"line":6,"column":0},"end":{"line":6,"column":20}},"4":{"start":{"line":14,"column":0},"end":{"line":22,"column":1}},"5":{"start":{"line":15,"column":4},"end":{"line":21,"column":5}},"6":{"start":{"line":16,"column":25},"end":{"line":16,"column":34}},"7":{"start":{"line":17,"column":25},"end":{"line":17,"column":78}},"8":{"start":{"line":18,"column":8},"end":{"line":18,"column":30}},"9":{"start":{"line":20,"column":8},"end":{"line":20,"column":21}},"10":{"start":{"line":30,"column":0},"end":{"line":37,"column":1}},"11":{"start":{"line":31,"column":4},"end":{"line":36,"column":5}},"12":{"start":{"line":32,"column":25},"end":{"line":32,"column":73}},"13":{"start":{"line":33,"column":8},"end":{"line":33,"column":31}},"14":{"start":{"line":35,"column":8},"end":{"line":35,"column":20}},"15":{"start":{"line":45,"column":0},"end":{"line":53,"column":1}},"16":{"start":{"line":46,"column":4},"end":{"line":52,"column":5}},"17":{"start":{"line":47,"column":29},"end":{"line":47,"column":81}},"18":{"start":{"line":48,"column":8},"end":{"line":48,"column":28}},"19":{"start":{"line":50,"column":8},"end":{"line":50,"column":23}},"20":{"start":{"line":51,"column":8},"end":{"line":51,"column":20}},"21":{"start":{"line":56,"column":0},"end":{"line":56,"column":43}}},"fnMap":{"0":{"name":"(anonymous_0)","decl":{"start":{"line":14,"column":36},"end":{"line":14,"column":37}},"loc":{"start":{"line":14,"column":54},"end":{"line":22,"column":1}},"line":14},"1":{"name":"(anonymous_1)","decl":{"start":{"line":30,"column":36},"end":{"line":30,"column":37}},"loc":{"start":{"line":30,"column":59},"end":{"line":37,"column":1}},"line":30},"2":{"name":"(anonymous_2)","decl":{"start":{"line":45,"column":29},"end":{"line":45,"column":30}},"loc":{"start":{"line":45,"column":52},"end":{"line":53,"column":1}},"line":45}},"branchMap":{"0":{"loc":{"start":{"line":15,"column":4},"end":{"line":21,"column":5}},"type":"if","locations":[{"start":{"line":15,"column":4},"end":{"line":21,"column":5}},{"start":{"line":19,"column":11},"end":{"line":21,"column":5}}],"line":15}},"s":{"0":3,"1":3,"2":3,"3":3,"4":3,"5":84,"6":84,"7":84,"8":84,"9":0,"10":3,"11":49,"12":49,"13":49,"14":11,"15":3,"16":2,"17":2,"18":2,"19":0,"20":0,"21":3},"f":{"0":84,"1":49,"2":2},"b":{"0":[84,0]},"_coverageSchema":"1a1c01bbd47fc00a2c39e90264f33305004495a9","hash":"72147316f30ba08ca9f29af7cf68c3179f13a587"}
,"/Users/nickrohde/projects/JSCert/JS330/Final/watchlist/daos/user.js": {"path":"/Users/nickrohde/projects/JSCert/JS330/Final/watchlist/daos/user.js","statementMap":{"0":{"start":{"line":1,"column":17},"end":{"line":1,"column":36}},"1":{"start":{"line":3,"column":13},"end":{"line":3,"column":38}},"2":{"start":{"line":5,"column":0},"end":{"line":5,"column":20}},"3":{"start":{"line":13,"column":0},"end":{"line":15,"column":1}},"4":{"start":{"line":14,"column":4},"end":{"line":14,"column":32}},"5":{"start":{"line":23,"column":0},"end":{"line":29,"column":1}},"6":{"start":{"line":24,"column":4},"end":{"line":28,"column":5}},"7":{"start":{"line":25,"column":8},"end":{"line":25,"column":51}},"8":{"start":{"line":27,"column":8},"end":{"line":27,"column":20}},"9":{"start":{"line":38,"column":0},"end":{"line":50,"column":1}},"10":{"start":{"line":39,"column":4},"end":{"line":49,"column":5}},"11":{"start":{"line":40,"column":28},"end":{"line":44,"column":9}},"12":{"start":{"line":45,"column":8},"end":{"line":45,"column":27}},"13":{"start":{"line":47,"column":8},"end":{"line":47,"column":58}},"14":{"start":{"line":48,"column":8},"end":{"line":48,"column":16}},"15":{"start":{"line":53,"column":0},"end":{"line":53,"column":43}}},"fnMap":{"0":{"name":"(anonymous_0)","decl":{"start":{"line":13,"column":28},"end":{"line":13,"column":29}},"loc":{"start":{"line":13,"column":47},"end":{"line":15,"column":1}},"line":13},"1":{"name":"(anonymous_1)","decl":{"start":{"line":23,"column":25},"end":{"line":23,"column":26}},"loc":{"start":{"line":23,"column":42},"end":{"line":29,"column":1}},"line":23},"2":{"name":"(anonymous_2)","decl":{"start":{"line":38,"column":36},"end":{"line":38,"column":37}},"loc":{"start":{"line":38,"column":64},"end":{"line":50,"column":1}},"line":38}},"branchMap":{},"s":{"0":3,"1":3,"2":3,"3":3,"4":96,"5":3,"6":113,"7":113,"8":0,"9":3,"10":4,"11":4,"12":4,"13":0,"14":0,"15":3},"f":{"0":96,"1":113,"2":4},"b":{},"_coverageSchema":"1a1c01bbd47fc00a2c39e90264f33305004495a9","hash":"438b201d345dcb2ecd2b3b7d3854011dc538a8f8"}
,"/Users/nickrohde/projects/JSCert/JS330/Final/watchlist/daos/watchlist.js": {"path":"/Users/nickrohde/projects/JSCert/JS330/Final/watchlist/daos/watchlist.js","statementMap":{"0":{"start":{"line":1,"column":17},"end":{"line":1,"column":36}},"1":{"start":{"line":3,"column":18},"end":{"line":3,"column":48}},"2":{"start":{"line":5,"column":0},"end":{"line":5,"column":20}},"3":{"start":{"line":13,"column":0},"end":{"line":15,"column":2}},"4":{"start":{"line":14,"column":2},"end":{"line":14,"column":36}},"5":{"start":{"line":24,"column":0},"end":{"line":30,"column":2}},"6":{"start":{"line":25,"column":2},"end":{"line":27,"column":3}},"7":{"start":{"line":26,"column":4},"end":{"line":26,"column":17}},"8":{"start":{"line":28,"column":2},"end":{"line":28,"column":56}},"9":{"start":{"line":29,"column":2},"end":{"line":29,"column":14}},"10":{"start":{"line":37,"column":0},"end":{"line":39,"column":2}},"11":{"start":{"line":38,"column":2},"end":{"line":38,"column":34}},"12":{"start":{"line":47,"column":0},"end":{"line":54,"column":2}},"13":{"start":{"line":48,"column":2},"end":{"line":53,"column":3}},"14":{"start":{"line":49,"column":18},"end":{"line":49,"column":61}},"15":{"start":{"line":50,"column":4},"end":{"line":50,"column":17}},"16":{"start":{"line":52,"column":4},"end":{"line":52,"column":16}},"17":{"start":{"line":62,"column":0},"end":{"line":70,"column":2}},"18":{"start":{"line":63,"column":2},"end":{"line":69,"column":3}},"19":{"start":{"line":64,"column":25},"end":{"line":64,"column":69}},"20":{"start":{"line":65,"column":4},"end":{"line":65,"column":24}},"21":{"start":{"line":67,"column":4},"end":{"line":67,"column":19}},"22":{"start":{"line":68,"column":4},"end":{"line":68,"column":16}},"23":{"start":{"line":78,"column":0},"end":{"line":85,"column":1}},"24":{"start":{"line":79,"column":2},"end":{"line":84,"column":13}},"25":{"start":{"line":88,"column":0},"end":{"line":88,"column":43}}},"fnMap":{"0":{"name":"(anonymous_0)","decl":{"start":{"line":13,"column":29},"end":{"line":13,"column":30}},"loc":{"start":{"line":13,"column":49},"end":{"line":15,"column":1}},"line":13},"1":{"name":"(anonymous_1)","decl":{"start":{"line":24,"column":29},"end":{"line":24,"column":30}},"loc":{"start":{"line":24,"column":58},"end":{"line":30,"column":1}},"line":24},"2":{"name":"(anonymous_2)","decl":{"start":{"line":37,"column":24},"end":{"line":37,"column":25}},"loc":{"start":{"line":37,"column":36},"end":{"line":39,"column":1}},"line":37},"3":{"name":"(anonymous_3)","decl":{"start":{"line":47,"column":25},"end":{"line":47,"column":26}},"loc":{"start":{"line":47,"column":39},"end":{"line":54,"column":1}},"line":47},"4":{"name":"(anonymous_4)","decl":{"start":{"line":62,"column":28},"end":{"line":62,"column":29}},"loc":{"start":{"line":62,"column":41},"end":{"line":70,"column":1}},"line":62},"5":{"name":"(anonymous_5)","decl":{"start":{"line":78,"column":24},"end":{"line":78,"column":25}},"loc":{"start":{"line":78,"column":41},"end":{"line":85,"column":1}},"line":78}},"branchMap":{"0":{"loc":{"start":{"line":25,"column":2},"end":{"line":27,"column":3}},"type":"if","locations":[{"start":{"line":25,"column":2},"end":{"line":27,"column":3}},{"start":{},"end":{}}],"line":25}},"s":{"0":3,"1":3,"2":3,"3":3,"4":1,"5":3,"6":2,"7":1,"8":1,"9":1,"10":3,"11":1,"12":3,"13":2,"14":2,"15":1,"16":1,"17":3,"18":1,"19":1,"20":1,"21":0,"22":0,"23":3,"24":1,"25":3},"f":{"0":1,"1":2,"2":1,"3":2,"4":1,"5":1},"b":{"0":[1,1]},"_coverageSchema":"1a1c01bbd47fc00a2c39e90264f33305004495a9","hash":"ad382f8552470e0e566deba9166e0640eac57dbb"}
,"/Users/nickrohde/projects/JSCert/JS330/Final/watchlist/middleware/isAuthorized.js": {"path":"/Users/nickrohde/projects/JSCert/JS330/Final/watchlist/middleware/isAuthorized.js","statementMap":{"0":{"start":{"line":1,"column":16},"end":{"line":1,"column":39}},"1":{"start":{"line":9,"column":21},"end":{"line":32,"column":1}},"2":{"start":{"line":11,"column":20},"end":{"line":11,"column":53}},"3":{"start":{"line":13,"column":4},"end":{"line":31,"column":5}},"4":{"start":{"line":15,"column":8},"end":{"line":27,"column":9}},"5":{"start":{"line":17,"column":30},"end":{"line":17,"column":43}},"6":{"start":{"line":19,"column":12},"end":{"line":23,"column":13}},"7":{"start":{"line":20,"column":16},"end":{"line":20,"column":23}},"8":{"start":{"line":22,"column":16},"end":{"line":22,"column":50}},"9":{"start":{"line":26,"column":12},"end":{"line":26,"column":57}},"10":{"start":{"line":30,"column":8},"end":{"line":30,"column":58}},"11":{"start":{"line":34,"column":0},"end":{"line":34,"column":30}}},"fnMap":{"0":{"name":"(anonymous_0)","decl":{"start":{"line":9,"column":21},"end":{"line":9,"column":22}},"loc":{"start":{"line":9,"column":47},"end":{"line":32,"column":1}},"line":9}},"branchMap":{"0":{"loc":{"start":{"line":13,"column":4},"end":{"line":31,"column":5}},"type":"if","locations":[{"start":{"line":13,"column":4},"end":{"line":31,"column":5}},{"start":{"line":29,"column":11},"end":{"line":31,"column":5}}],"line":13},"1":{"loc":{"start":{"line":19,"column":12},"end":{"line":23,"column":13}},"type":"if","locations":[{"start":{"line":19,"column":12},"end":{"line":23,"column":13}},{"start":{"line":21,"column":19},"end":{"line":23,"column":13}}],"line":19}},"s":{"0":3,"1":3,"2":15,"3":15,"4":15,"5":15,"6":15,"7":10,"8":5,"9":0,"10":0,"11":3},"f":{"0":15},"b":{"0":[15,0],"1":[10,5]},"_coverageSchema":"1a1c01bbd47fc00a2c39e90264f33305004495a9","hash":"d04c504b6300f46f8720300235d2113b21317698"}
,"/Users/nickrohde/projects/JSCert/JS330/Final/watchlist/middleware/isLoggedIn.js": {"path":"/Users/nickrohde/projects/JSCert/JS330/Final/watchlist/middleware/isLoggedIn.js","statementMap":{"0":{"start":{"line":2,"column":17},"end":{"line":2,"column":41}},"1":{"start":{"line":11,"column":19},"end":{"line":29,"column":1}},"2":{"start":{"line":12,"column":23},"end":{"line":12,"column":48}},"3":{"start":{"line":14,"column":4},"end":{"line":28,"column":5}},"4":{"start":{"line":16,"column":22},"end":{"line":16,"column":41}},"5":{"start":{"line":17,"column":23},"end":{"line":17,"column":63}},"6":{"start":{"line":19,"column":8},"end":{"line":25,"column":9}},"7":{"start":{"line":20,"column":12},"end":{"line":20,"column":61}},"8":{"start":{"line":22,"column":12},"end":{"line":22,"column":32}},"9":{"start":{"line":23,"column":12},"end":{"line":23,"column":30}},"10":{"start":{"line":24,"column":12},"end":{"line":24,"column":19}},"11":{"start":{"line":27,"column":8},"end":{"line":27,"column":74}},"12":{"start":{"line":31,"column":0},"end":{"line":31,"column":28}}},"fnMap":{"0":{"name":"(anonymous_0)","decl":{"start":{"line":11,"column":19},"end":{"line":11,"column":20}},"loc":{"start":{"line":11,"column":45},"end":{"line":29,"column":1}},"line":11}},"branchMap":{"0":{"loc":{"start":{"line":14,"column":4},"end":{"line":28,"column":5}},"type":"if","locations":[{"start":{"line":14,"column":4},"end":{"line":28,"column":5}},{"start":{"line":26,"column":11},"end":{"line":28,"column":5}}],"line":14},"1":{"loc":{"start":{"line":14,"column":8},"end":{"line":14,"column":54}},"type":"binary-expr","locations":[{"start":{"line":14,"column":8},"end":{"line":14,"column":18}},{"start":{"line":14,"column":22},"end":{"line":14,"column":54}}],"line":14},"2":{"loc":{"start":{"line":19,"column":8},"end":{"line":25,"column":9}},"type":"if","locations":[{"start":{"line":19,"column":8},"end":{"line":25,"column":9}},{"start":{"line":21,"column":15},"end":{"line":25,"column":9}}],"line":19}},"s":{"0":3,"1":3,"2":57,"3":57,"4":49,"5":49,"6":49,"7":11,"8":38,"9":38,"10":38,"11":8,"12":3},"f":{"0":57},"b":{"0":[49,8],"1":[57,49],"2":[11,38]},"_coverageSchema":"1a1c01bbd47fc00a2c39e90264f33305004495a9","hash":"b56f5a62c77b10bf680992c9b8070e836a773bf2"}
,"/Users/nickrohde/projects/JSCert/JS330/Final/watchlist/models/suggestion.js": {"path":"/Users/nickrohde/projects/JSCert/JS330/Final/watchlist/models/suggestion.js","statementMap":{"0":{"start":{"line":1,"column":17},"end":{"line":1,"column":36}},"1":{"start":{"line":3,"column":25},"end":{"line":16,"column":2}},"2":{"start":{"line":18,"column":0},"end":{"line":18,"column":64}}},"fnMap":{},"branchMap":{},"s":{"0":3,"1":3,"2":3},"f":{},"b":{},"_coverageSchema":"1a1c01bbd47fc00a2c39e90264f33305004495a9","hash":"9b61749ae67f6e2fd435448a6f8f0fdd4bd3ddeb"}
,"/Users/nickrohde/projects/JSCert/JS330/Final/watchlist/models/token.js": {"path":"/Users/nickrohde/projects/JSCert/JS330/Final/watchlist/models/token.js","statementMap":{"0":{"start":{"line":1,"column":17},"end":{"line":1,"column":36}},"1":{"start":{"line":3,"column":20},"end":{"line":6,"column":2}},"2":{"start":{"line":9,"column":0},"end":{"line":9,"column":55}}},"fnMap":{},"branchMap":{},"s":{"0":3,"1":3,"2":3},"f":{},"b":{},"_coverageSchema":"1a1c01bbd47fc00a2c39e90264f33305004495a9","hash":"a0cb87c38a461d714efbc2dc8f98f9b284aeab96"}
,"/Users/nickrohde/projects/JSCert/JS330/Final/watchlist/models/user.js": {"path":"/Users/nickrohde/projects/JSCert/JS330/Final/watchlist/models/user.js","statementMap":{"0":{"start":{"line":1,"column":17},"end":{"line":1,"column":36}},"1":{"start":{"line":3,"column":19},"end":{"line":7,"column":2}},"2":{"start":{"line":9,"column":0},"end":{"line":9,"column":53}}},"fnMap":{},"branchMap":{},"s":{"0":3,"1":3,"2":3},"f":{},"b":{},"_coverageSchema":"1a1c01bbd47fc00a2c39e90264f33305004495a9","hash":"c48c84dadd637245328ae75d13bb7c6f56c0b358"}
,"/Users/nickrohde/projects/JSCert/JS330/Final/watchlist/models/watchlist.js": {"path":"/Users/nickrohde/projects/JSCert/JS330/Final/watchlist/models/watchlist.js","statementMap":{"0":{"start":{"line":1,"column":17},"end":{"line":1,"column":36}},"1":{"start":{"line":3,"column":24},"end":{"line":11,"column":2}},"2":{"start":{"line":13,"column":0},"end":{"line":13,"column":77}},"3":{"start":{"line":15,"column":0},"end":{"line":15,"column":62}}},"fnMap":{},"branchMap":{},"s":{"0":3,"1":3,"2":3,"3":3},"f":{},"b":{},"_coverageSchema":"1a1c01bbd47fc00a2c39e90264f33305004495a9","hash":"2b8c43f2772c446da28c69f9d08d665817078f62"}
,"/Users/nickrohde/projects/JSCert/JS330/Final/watchlist/routes/auth.js": {"path":"/Users/nickrohde/projects/JSCert/JS330/Final/watchlist/routes/auth.js","statementMap":{"0":{"start":{"line":1,"column":19},"end":{"line":1,"column":37}},"1":{"start":{"line":2,"column":15},"end":{"line":2,"column":44}},"2":{"start":{"line":3,"column":15},"end":{"line":3,"column":32}},"3":{"start":{"line":5,"column":16},"end":{"line":5,"column":39}},"4":{"start":{"line":6,"column":17},"end":{"line":6,"column":41}},"5":{"start":{"line":8,"column":19},"end":{"line":8,"column":54}},"6":{"start":{"line":19,"column":0},"end":{"line":37,"column":3}},"7":{"start":{"line":20,"column":32},"end":{"line":20,"column":40}},"8":{"start":{"line":21,"column":4},"end":{"line":36,"column":5}},"9":{"start":{"line":22,"column":8},"end":{"line":22,"column":76}},"10":{"start":{"line":24,"column":8},"end":{"line":35,"column":9}},"11":{"start":{"line":25,"column":36},"end":{"line":25,"column":66}},"12":{"start":{"line":26,"column":28},"end":{"line":26,"column":87}},"13":{"start":{"line":27,"column":30},"end":{"line":27,"column":63}},"14":{"start":{"line":28,"column":12},"end":{"line":28,"column":44}},"15":{"start":{"line":30,"column":12},"end":{"line":34,"column":13}},"16":{"start":{"line":31,"column":16},"end":{"line":31,"column":50}},"17":{"start":{"line":33,"column":16},"end":{"line":33,"column":48}},"18":{"start":{"line":48,"column":0},"end":{"line":74,"column":3}},"19":{"start":{"line":49,"column":32},"end":{"line":49,"column":40}},"20":{"start":{"line":51,"column":4},"end":{"line":72,"column":5}},"21":{"start":{"line":52,"column":8},"end":{"line":52,"column":76}},"22":{"start":{"line":54,"column":8},"end":{"line":71,"column":9}},"23":{"start":{"line":55,"column":28},"end":{"line":55,"column":56}},"24":{"start":{"line":57,"column":12},"end":{"line":68,"column":13}},"25":{"start":{"line":58,"column":16},"end":{"line":58,"column":53}},"26":{"start":{"line":60,"column":39},"end":{"line":60,"column":87}},"27":{"start":{"line":62,"column":16},"end":{"line":67,"column":17}},"28":{"start":{"line":63,"column":20},"end":{"line":63,"column":57}},"29":{"start":{"line":65,"column":38},"end":{"line":65,"column":78}},"30":{"start":{"line":66,"column":20},"end":{"line":66,"column":61}},"31":{"start":{"line":70,"column":12},"end":{"line":70,"column":58}},"32":{"start":{"line":86,"column":0},"end":{"line":103,"column":3}},"33":{"start":{"line":87,"column":4},"end":{"line":102,"column":5}},"34":{"start":{"line":88,"column":25},"end":{"line":88,"column":42}},"35":{"start":{"line":89,"column":8},"end":{"line":99,"column":9}},"36":{"start":{"line":90,"column":12},"end":{"line":90,"column":32}},"37":{"start":{"line":92,"column":36},"end":{"line":92,"column":66}},"38":{"start":{"line":93,"column":32},"end":{"line":93,"column":92}},"39":{"start":{"line":94,"column":12},"end":{"line":98,"column":13}},"40":{"start":{"line":95,"column":16},"end":{"line":95,"column":36}},"41":{"start":{"line":97,"column":16},"end":{"line":97,"column":36}},"42":{"start":{"line":101,"column":8},"end":{"line":101,"column":40}},"43":{"start":{"line":115,"column":0},"end":{"line":128,"column":3}},"44":{"start":{"line":116,"column":4},"end":{"line":127,"column":5}},"45":{"start":{"line":117,"column":29},"end":{"line":117,"column":66}},"46":{"start":{"line":119,"column":8},"end":{"line":123,"column":9}},"47":{"start":{"line":120,"column":12},"end":{"line":120,"column":32}},"48":{"start":{"line":122,"column":12},"end":{"line":122,"column":32}},"49":{"start":{"line":126,"column":8},"end":{"line":126,"column":40}},"50":{"start":{"line":131,"column":0},"end":{"line":131,"column":24}}},"fnMap":{"0":{"name":"(anonymous_0)","decl":{"start":{"line":19,"column":23},"end":{"line":19,"column":24}},"loc":{"start":{"line":19,"column":49},"end":{"line":37,"column":1}},"line":19},"1":{"name":"(anonymous_1)","decl":{"start":{"line":48,"column":22},"end":{"line":48,"column":23}},"loc":{"start":{"line":48,"column":48},"end":{"line":74,"column":1}},"line":48},"2":{"name":"(anonymous_2)","decl":{"start":{"line":86,"column":36},"end":{"line":86,"column":37}},"loc":{"start":{"line":86,"column":62},"end":{"line":103,"column":1}},"line":86},"3":{"name":"(anonymous_3)","decl":{"start":{"line":115,"column":35},"end":{"line":115,"column":36}},"loc":{"start":{"line":115,"column":61},"end":{"line":128,"column":1}},"line":115}},"branchMap":{"0":{"loc":{"start":{"line":21,"column":4},"end":{"line":36,"column":5}},"type":"if","locations":[{"start":{"line":21,"column":4},"end":{"line":36,"column":5}},{"start":{"line":23,"column":11},"end":{"line":36,"column":5}}],"line":21},"1":{"loc":{"start":{"line":21,"column":8},"end":{"line":21,"column":27}},"type":"binary-expr","locations":[{"start":{"line":21,"column":8},"end":{"line":21,"column":14}},{"start":{"line":21,"column":18},"end":{"line":21,"column":27}}],"line":21},"2":{"loc":{"start":{"line":30,"column":12},"end":{"line":34,"column":13}},"type":"if","locations":[{"start":{"line":30,"column":12},"end":{"line":34,"column":13}},{"start":{"line":32,"column":19},"end":{"line":34,"column":13}}],"line":30},"3":{"loc":{"start":{"line":51,"column":4},"end":{"line":72,"column":5}},"type":"if","locations":[{"start":{"line":51,"column":4},"end":{"line":72,"column":5}},{"start":{"line":53,"column":11},"end":{"line":72,"column":5}}],"line":51},"4":{"loc":{"start":{"line":51,"column":8},"end":{"line":51,"column":27}},"type":"binary-expr","locations":[{"start":{"line":51,"column":8},"end":{"line":51,"column":14}},{"start":{"line":51,"column":18},"end":{"line":51,"column":27}}],"line":51},"5":{"loc":{"start":{"line":57,"column":12},"end":{"line":68,"column":13}},"type":"if","locations":[{"start":{"line":57,"column":12},"end":{"line":68,"column":13}},{"start":{"line":59,"column":19},"end":{"line":68,"column":13}}],"line":57},"6":{"loc":{"start":{"line":62,"column":16},"end":{"line":67,"column":17}},"type":"if","locations":[{"start":{"line":62,"column":16},"end":{"line":67,"column":17}},{"start":{"line":64,"column":23},"end":{"line":67,"column":17}}],"line":62},"7":{"loc":{"start":{"line":89,"column":8},"end":{"line":99,"column":9}},"type":"if","locations":[{"start":{"line":89,"column":8},"end":{"line":99,"column":9}},{"start":{"line":91,"column":15},"end":{"line":99,"column":9}}],"line":89},"8":{"loc":{"start":{"line":94,"column":12},"end":{"line":98,"column":13}},"type":"if","locations":[{"start":{"line":94,"column":12},"end":{"line":98,"column":13}},{"start":{"line":96,"column":19},"end":{"line":98,"column":13}}],"line":94},"9":{"loc":{"start":{"line":119,"column":8},"end":{"line":123,"column":9}},"type":"if","locations":[{"start":{"line":119,"column":8},"end":{"line":123,"column":9}},{"start":{"line":121,"column":15},"end":{"line":123,"column":9}}],"line":119}},"s":{"0":3,"1":3,"2":3,"3":3,"4":3,"5":3,"6":3,"7":98,"8":98,"9":2,"10":96,"11":96,"12":96,"13":96,"14":87,"15":9,"16":9,"17":0,"18":3,"19":91,"20":91,"21":2,"22":89,"23":89,"24":89,"25":1,"26":88,"27":88,"28":4,"29":84,"30":84,"31":0,"32":3,"33":5,"34":5,"35":5,"36":1,"37":4,"38":4,"39":4,"40":0,"41":4,"42":0,"43":3,"44":2,"45":2,"46":2,"47":2,"48":0,"49":0,"50":3},"f":{"0":98,"1":91,"2":5,"3":2},"b":{"0":[2,96],"1":[98,98],"2":[9,0],"3":[2,89],"4":[91,91],"5":[1,88],"6":[4,84],"7":[1,4],"8":[0,4],"9":[2,0]},"_coverageSchema":"1a1c01bbd47fc00a2c39e90264f33305004495a9","hash":"8bd7e78007384d7e2b00ea0e2614f47004f0e10f"}
,"/Users/nickrohde/projects/JSCert/JS330/Final/watchlist/routes/index.js": {"path":"/Users/nickrohde/projects/JSCert/JS330/Final/watchlist/routes/index.js","statementMap":{"0":{"start":{"line":1,"column":19},"end":{"line":1,"column":37}},"1":{"start":{"line":2,"column":15},"end":{"line":2,"column":23}},"2":{"start":{"line":4,"column":0},"end":{"line":4,"column":39}},"3":{"start":{"line":5,"column":0},"end":{"line":5,"column":49}},"4":{"start":{"line":6,"column":0},"end":{"line":6,"column":53}},"5":{"start":{"line":8,"column":0},"end":{"line":8,"column":24}}},"fnMap":{},"branchMap":{},"s":{"0":3,"1":3,"2":3,"3":3,"4":3,"5":3},"f":{},"b":{},"_coverageSchema":"1a1c01bbd47fc00a2c39e90264f33305004495a9","hash":"997aa373cec26d1c62316aa7040a9be47643d88d"}
,"/Users/nickrohde/projects/JSCert/JS330/Final/watchlist/routes/suggestions.js": {"path":"/Users/nickrohde/projects/JSCert/JS330/Final/watchlist/routes/suggestions.js","statementMap":{"0":{"start":{"line":1,"column":19},"end":{"line":1,"column":37}},"1":{"start":{"line":2,"column":15},"end":{"line":2,"column":44}},"2":{"start":{"line":4,"column":22},"end":{"line":4,"column":52}},"3":{"start":{"line":5,"column":16},"end":{"line":5,"column":39}},"4":{"start":{"line":6,"column":21},"end":{"line":6,"column":49}},"5":{"start":{"line":8,"column":19},"end":{"line":8,"column":54}},"6":{"start":{"line":9,"column":21},"end":{"line":9,"column":58}},"7":{"start":{"line":10,"column":19},"end":{"line":10,"column":50}},"8":{"start":{"line":11,"column":17},"end":{"line":11,"column":36}},"9":{"start":{"line":23,"column":0},"end":{"line":38,"column":3}},"10":{"start":{"line":24,"column":19},"end":{"line":24,"column":27}},"11":{"start":{"line":25,"column":17},"end":{"line":25,"column":50}},"12":{"start":{"line":27,"column":4},"end":{"line":27,"column":31}},"13":{"start":{"line":28,"column":4},"end":{"line":37,"column":5}},"14":{"start":{"line":29,"column":6},"end":{"line":29,"column":79}},"15":{"start":{"line":31,"column":6},"end":{"line":36,"column":7}},"16":{"start":{"line":32,"column":34},"end":{"line":32,"column":75}},"17":{"start":{"line":33,"column":10},"end":{"line":33,"column":36}},"18":{"start":{"line":35,"column":10},"end":{"line":35,"column":42}},"19":{"start":{"line":49,"column":0},"end":{"line":79,"column":3}},"20":{"start":{"line":51,"column":20},"end":{"line":51,"column":33}},"21":{"start":{"line":52,"column":24},"end":{"line":52,"column":32}},"22":{"start":{"line":53,"column":17},"end":{"line":53,"column":50}},"23":{"start":{"line":55,"column":4},"end":{"line":55,"column":62}},"24":{"start":{"line":57,"column":4},"end":{"line":77,"column":5}},"25":{"start":{"line":59,"column":6},"end":{"line":73,"column":7}},"26":{"start":{"line":60,"column":8},"end":{"line":60,"column":62}},"27":{"start":{"line":63,"column":8},"end":{"line":72,"column":9}},"28":{"start":{"line":64,"column":31},"end":{"line":64,"column":84}},"29":{"start":{"line":65,"column":10},"end":{"line":65,"column":45}},"30":{"start":{"line":67,"column":10},"end":{"line":71,"column":11}},"31":{"start":{"line":68,"column":12},"end":{"line":68,"column":44}},"32":{"start":{"line":70,"column":12},"end":{"line":70,"column":69}},"33":{"start":{"line":76,"column":6},"end":{"line":76,"column":60}},"34":{"start":{"line":90,"column":0},"end":{"line":97,"column":3}},"35":{"start":{"line":91,"column":4},"end":{"line":96,"column":5}},"36":{"start":{"line":92,"column":28},"end":{"line":92,"column":56}},"37":{"start":{"line":93,"column":8},"end":{"line":93,"column":42}},"38":{"start":{"line":95,"column":8},"end":{"line":95,"column":61}},"39":{"start":{"line":108,"column":0},"end":{"line":121,"column":3}},"40":{"start":{"line":109,"column":18},"end":{"line":109,"column":31}},"41":{"start":{"line":111,"column":2},"end":{"line":120,"column":3}},"42":{"start":{"line":112,"column":18},"end":{"line":112,"column":54}},"43":{"start":{"line":113,"column":4},"end":{"line":117,"column":5}},"44":{"start":{"line":114,"column":8},"end":{"line":114,"column":36}},"45":{"start":{"line":116,"column":8},"end":{"line":116,"column":28}},"46":{"start":{"line":119,"column":4},"end":{"line":119,"column":12}},"47":{"start":{"line":132,"column":0},"end":{"line":145,"column":3}},"48":{"start":{"line":133,"column":2},"end":{"line":144,"column":3}},"49":{"start":{"line":134,"column":22},"end":{"line":134,"column":35}},"50":{"start":{"line":136,"column":6},"end":{"line":141,"column":7}},"51":{"start":{"line":137,"column":8},"end":{"line":137,"column":67}},"52":{"start":{"line":139,"column":24},"end":{"line":139,"column":63}},"53":{"start":{"line":140,"column":8},"end":{"line":140,"column":44}},"54":{"start":{"line":143,"column":6},"end":{"line":143,"column":59}},"55":{"start":{"line":157,"column":0},"end":{"line":178,"column":3}},"56":{"start":{"line":158,"column":18},"end":{"line":158,"column":31}},"57":{"start":{"line":159,"column":19},"end":{"line":159,"column":55}},"58":{"start":{"line":161,"column":2},"end":{"line":176,"column":3}},"59":{"start":{"line":162,"column":4},"end":{"line":173,"column":5}},"60":{"start":{"line":163,"column":8},"end":{"line":163,"column":30}},"61":{"start":{"line":164,"column":8},"end":{"line":164,"column":33}},"62":{"start":{"line":165,"column":31},"end":{"line":165,"column":73}},"63":{"start":{"line":166,"column":8},"end":{"line":169,"column":9}},"64":{"start":{"line":167,"column":10},"end":{"line":167,"column":50}},"65":{"start":{"line":168,"column":10},"end":{"line":168,"column":30}},"66":{"start":{"line":172,"column":8},"end":{"line":172,"column":28}},"67":{"start":{"line":175,"column":4},"end":{"line":175,"column":49}},"68":{"start":{"line":181,"column":0},"end":{"line":181,"column":24}}},"fnMap":{"0":{"name":"(anonymous_0)","decl":{"start":{"line":23,"column":29},"end":{"line":23,"column":30}},"loc":{"start":{"line":23,"column":55},"end":{"line":38,"column":1}},"line":23},"1":{"name":"(anonymous_1)","decl":{"start":{"line":49,"column":32},"end":{"line":49,"column":33}},"loc":{"start":{"line":49,"column":58},"end":{"line":79,"column":1}},"line":49},"2":{"name":"(anonymous_2)","decl":{"start":{"line":90,"column":28},"end":{"line":90,"column":29}},"loc":{"start":{"line":90,"column":54},"end":{"line":97,"column":1}},"line":90},"3":{"name":"(anonymous_3)","decl":{"start":{"line":108,"column":31},"end":{"line":108,"column":32}},"loc":{"start":{"line":108,"column":57},"end":{"line":121,"column":1}},"line":108},"4":{"name":"(anonymous_4)","decl":{"start":{"line":132,"column":48},"end":{"line":132,"column":49}},"loc":{"start":{"line":132,"column":74},"end":{"line":145,"column":1}},"line":132},"5":{"name":"(anonymous_5)","decl":{"start":{"line":157,"column":53},"end":{"line":157,"column":54}},"loc":{"start":{"line":157,"column":79},"end":{"line":178,"column":1}},"line":157}},"branchMap":{"0":{"loc":{"start":{"line":28,"column":4},"end":{"line":37,"column":5}},"type":"if","locations":[{"start":{"line":28,"column":4},"end":{"line":37,"column":5}},{"start":{"line":30,"column":11},"end":{"line":37,"column":5}}],"line":28},"1":{"loc":{"start":{"line":28,"column":9},"end":{"line":28,"column":67}},"type":"binary-expr","locations":[{"start":{"line":28,"column":9},"end":{"line":28,"column":24}},{"start":{"line":28,"column":28},"end":{"line":28,"column":49}},{"start":{"line":28,"column":53},"end":{"line":28,"column":67}}],"line":28},"2":{"loc":{"start":{"line":57,"column":4},"end":{"line":77,"column":5}},"type":"if","locations":[{"start":{"line":57,"column":4},"end":{"line":77,"column":5}},{"start":{"line":75,"column":11},"end":{"line":77,"column":5}}],"line":57},"3":{"loc":{"start":{"line":59,"column":6},"end":{"line":73,"column":7}},"type":"if","locations":[{"start":{"line":59,"column":6},"end":{"line":73,"column":7}},{"start":{"line":62,"column":13},"end":{"line":73,"column":7}}],"line":59},"4":{"loc":{"start":{"line":59,"column":10},"end":{"line":59,"column":62}},"type":"binary-expr","locations":[{"start":{"line":59,"column":10},"end":{"line":59,"column":22}},{"start":{"line":59,"column":26},"end":{"line":59,"column":62}}],"line":59},"5":{"loc":{"start":{"line":67,"column":10},"end":{"line":71,"column":11}},"type":"if","locations":[{"start":{"line":67,"column":10},"end":{"line":71,"column":11}},{"start":{"line":69,"column":17},"end":{"line":71,"column":11}}],"line":67},"6":{"loc":{"start":{"line":113,"column":4},"end":{"line":117,"column":5}},"type":"if","locations":[{"start":{"line":113,"column":4},"end":{"line":117,"column":5}},{"start":{"line":115,"column":11},"end":{"line":117,"column":5}}],"line":113},"7":{"loc":{"start":{"line":136,"column":6},"end":{"line":141,"column":7}},"type":"if","locations":[{"start":{"line":136,"column":6},"end":{"line":141,"column":7}},{"start":{"line":138,"column":13},"end":{"line":141,"column":7}}],"line":136},"8":{"loc":{"start":{"line":140,"column":23},"end":{"line":140,"column":42}},"type":"cond-expr","locations":[{"start":{"line":140,"column":33},"end":{"line":140,"column":36}},{"start":{"line":140,"column":39},"end":{"line":140,"column":42}}],"line":140},"9":{"loc":{"start":{"line":161,"column":2},"end":{"line":176,"column":3}},"type":"if","locations":[{"start":{"line":161,"column":2},"end":{"line":176,"column":3}},{"start":{"line":174,"column":9},"end":{"line":176,"column":3}}],"line":161},"10":{"loc":{"start":{"line":166,"column":8},"end":{"line":169,"column":9}},"type":"if","locations":[{"start":{"line":166,"column":8},"end":{"line":169,"column":9}},{"start":{},"end":{}}],"line":166}},"s":{"0":3,"1":3,"2":3,"3":3,"4":3,"5":3,"6":3,"7":3,"8":3,"9":3,"10":6,"11":6,"12":6,"13":6,"14":1,"15":5,"16":5,"17":5,"18":0,"19":3,"20":3,"21":3,"22":3,"23":3,"24":3,"25":2,"26":1,"27":1,"28":1,"29":1,"30":0,"31":0,"32":0,"33":1,"34":3,"35":1,"36":1,"37":1,"38":0,"39":3,"40":2,"41":2,"42":2,"43":2,"44":1,"45":1,"46":0,"47":3,"48":4,"49":4,"50":4,"51":2,"52":2,"53":2,"54":0,"55":3,"56":0,"57":0,"58":0,"59":0,"60":0,"61":0,"62":0,"63":0,"64":0,"65":0,"66":0,"67":0,"68":3},"f":{"0":6,"1":3,"2":1,"3":2,"4":4,"5":0},"b":{"0":[1,5],"1":[6,5,5],"2":[2,1],"3":[1,1],"4":[2,2],"5":[0,0],"6":[1,1],"7":[2,2],"8":[2,0],"9":[0,0],"10":[0,0]},"_coverageSchema":"1a1c01bbd47fc00a2c39e90264f33305004495a9","hash":"5c2c02879af0b5f9ad81b264e56b7e5711c4bdf6"}
,"/Users/nickrohde/projects/JSCert/JS330/Final/watchlist/routes/watchlist.js": {"path":"/Users/nickrohde/projects/JSCert/JS330/Final/watchlist/routes/watchlist.js","statementMap":{"0":{"start":{"line":1,"column":19},"end":{"line":1,"column":37}},"1":{"start":{"line":2,"column":15},"end":{"line":2,"column":44}},"2":{"start":{"line":4,"column":21},"end":{"line":4,"column":49}},"3":{"start":{"line":6,"column":19},"end":{"line":6,"column":54}},"4":{"start":{"line":7,"column":21},"end":{"line":7,"column":58}},"5":{"start":{"line":8,"column":10},"end":{"line":8,"column":28}},"6":{"start":{"line":9,"column":17},"end":{"line":9,"column":36}},"7":{"start":{"line":22,"column":0},"end":{"line":36,"column":3}},"8":{"start":{"line":23,"column":21},"end":{"line":23,"column":29}},"9":{"start":{"line":25,"column":4},"end":{"line":35,"column":5}},"10":{"start":{"line":26,"column":6},"end":{"line":26,"column":79}},"11":{"start":{"line":28,"column":6},"end":{"line":34,"column":7}},"12":{"start":{"line":29,"column":33},"end":{"line":29,"column":73}},"13":{"start":{"line":30,"column":10},"end":{"line":30,"column":35}},"14":{"start":{"line":32,"column":8},"end":{"line":32,"column":23}},"15":{"start":{"line":33,"column":10},"end":{"line":33,"column":42}},"16":{"start":{"line":47,"column":0},"end":{"line":57,"column":3}},"17":{"start":{"line":48,"column":33},"end":{"line":48,"column":42}},"18":{"start":{"line":49,"column":2},"end":{"line":49,"column":33}},"19":{"start":{"line":50,"column":2},"end":{"line":50,"column":43}},"20":{"start":{"line":51,"column":2},"end":{"line":56,"column":3}},"21":{"start":{"line":52,"column":20},"end":{"line":52,"column":52}},"22":{"start":{"line":53,"column":4},"end":{"line":53,"column":34}},"23":{"start":{"line":55,"column":4},"end":{"line":55,"column":61}},"24":{"start":{"line":70,"column":0},"end":{"line":93,"column":3}},"25":{"start":{"line":72,"column":20},"end":{"line":72,"column":33}},"26":{"start":{"line":73,"column":24},"end":{"line":73,"column":32}},"27":{"start":{"line":75,"column":4},"end":{"line":92,"column":5}},"28":{"start":{"line":76,"column":6},"end":{"line":76,"column":59}},"29":{"start":{"line":78,"column":6},"end":{"line":91,"column":7}},"30":{"start":{"line":79,"column":29},"end":{"line":79,"column":81}},"31":{"start":{"line":80,"column":8},"end":{"line":84,"column":9}},"32":{"start":{"line":81,"column":10},"end":{"line":81,"column":30}},"33":{"start":{"line":83,"column":10},"end":{"line":83,"column":45}},"34":{"start":{"line":86,"column":8},"end":{"line":90,"column":9}},"35":{"start":{"line":87,"column":10},"end":{"line":87,"column":42}},"36":{"start":{"line":89,"column":10},"end":{"line":89,"column":67}},"37":{"start":{"line":104,"column":0},"end":{"line":111,"column":3}},"38":{"start":{"line":105,"column":4},"end":{"line":110,"column":5}},"39":{"start":{"line":106,"column":26},"end":{"line":106,"column":53}},"40":{"start":{"line":107,"column":8},"end":{"line":107,"column":40}},"41":{"start":{"line":109,"column":8},"end":{"line":109,"column":61}},"42":{"start":{"line":123,"column":0},"end":{"line":136,"column":3}},"43":{"start":{"line":124,"column":18},"end":{"line":124,"column":31}},"44":{"start":{"line":126,"column":2},"end":{"line":135,"column":3}},"45":{"start":{"line":127,"column":20},"end":{"line":127,"column":55}},"46":{"start":{"line":128,"column":4},"end":{"line":132,"column":5}},"47":{"start":{"line":129,"column":8},"end":{"line":129,"column":36}},"48":{"start":{"line":131,"column":8},"end":{"line":131,"column":28}},"49":{"start":{"line":134,"column":4},"end":{"line":134,"column":12}},"50":{"start":{"line":148,"column":0},"end":{"line":161,"column":3}},"51":{"start":{"line":149,"column":2},"end":{"line":160,"column":3}},"52":{"start":{"line":150,"column":22},"end":{"line":150,"column":35}},"53":{"start":{"line":152,"column":6},"end":{"line":157,"column":5}},"54":{"start":{"line":153,"column":8},"end":{"line":153,"column":67}},"55":{"start":{"line":155,"column":22},"end":{"line":155,"column":60}},"56":{"start":{"line":156,"column":6},"end":{"line":156,"column":42}},"57":{"start":{"line":159,"column":6},"end":{"line":159,"column":59}},"58":{"start":{"line":165,"column":0},"end":{"line":165,"column":24}}},"fnMap":{"0":{"name":"(anonymous_0)","decl":{"start":{"line":22,"column":43},"end":{"line":22,"column":44}},"loc":{"start":{"line":22,"column":69},"end":{"line":36,"column":1}},"line":22},"1":{"name":"(anonymous_1)","decl":{"start":{"line":47,"column":35},"end":{"line":47,"column":36}},"loc":{"start":{"line":47,"column":61},"end":{"line":57,"column":1}},"line":47},"2":{"name":"(anonymous_2)","decl":{"start":{"line":70,"column":45},"end":{"line":70,"column":46}},"loc":{"start":{"line":70,"column":71},"end":{"line":93,"column":1}},"line":70},"3":{"name":"(anonymous_3)","decl":{"start":{"line":104,"column":28},"end":{"line":104,"column":29}},"loc":{"start":{"line":104,"column":54},"end":{"line":111,"column":1}},"line":104},"4":{"name":"(anonymous_4)","decl":{"start":{"line":123,"column":31},"end":{"line":123,"column":32}},"loc":{"start":{"line":123,"column":57},"end":{"line":136,"column":1}},"line":123},"5":{"name":"(anonymous_5)","decl":{"start":{"line":148,"column":48},"end":{"line":148,"column":49}},"loc":{"start":{"line":148,"column":74},"end":{"line":161,"column":1}},"line":148}},"branchMap":{"0":{"loc":{"start":{"line":25,"column":4},"end":{"line":35,"column":5}},"type":"if","locations":[{"start":{"line":25,"column":4},"end":{"line":35,"column":5}},{"start":{"line":27,"column":11},"end":{"line":35,"column":5}}],"line":25},"1":{"loc":{"start":{"line":25,"column":9},"end":{"line":25,"column":67}},"type":"binary-expr","locations":[{"start":{"line":25,"column":9},"end":{"line":25,"column":24}},{"start":{"line":25,"column":28},"end":{"line":25,"column":49}},{"start":{"line":25,"column":53},"end":{"line":25,"column":67}}],"line":25},"2":{"loc":{"start":{"line":49,"column":9},"end":{"line":49,"column":32}},"type":"cond-expr","locations":[{"start":{"line":49,"column":16},"end":{"line":49,"column":28}},{"start":{"line":49,"column":31},"end":{"line":49,"column":32}}],"line":49},"3":{"loc":{"start":{"line":50,"column":12},"end":{"line":50,"column":42}},"type":"cond-expr","locations":[{"start":{"line":50,"column":22},"end":{"line":50,"column":37}},{"start":{"line":50,"column":40},"end":{"line":50,"column":42}}],"line":50},"4":{"loc":{"start":{"line":75,"column":4},"end":{"line":92,"column":5}},"type":"if","locations":[{"start":{"line":75,"column":4},"end":{"line":92,"column":5}},{"start":{"line":77,"column":11},"end":{"line":92,"column":5}}],"line":75},"5":{"loc":{"start":{"line":75,"column":8},"end":{"line":75,"column":60}},"type":"binary-expr","locations":[{"start":{"line":75,"column":8},"end":{"line":75,"column":20}},{"start":{"line":75,"column":24},"end":{"line":75,"column":60}}],"line":75},"6":{"loc":{"start":{"line":80,"column":8},"end":{"line":84,"column":9}},"type":"if","locations":[{"start":{"line":80,"column":8},"end":{"line":84,"column":9}},{"start":{"line":82,"column":15},"end":{"line":84,"column":9}}],"line":80},"7":{"loc":{"start":{"line":86,"column":8},"end":{"line":90,"column":9}},"type":"if","locations":[{"start":{"line":86,"column":8},"end":{"line":90,"column":9}},{"start":{"line":88,"column":15},"end":{"line":90,"column":9}}],"line":86},"8":{"loc":{"start":{"line":128,"column":4},"end":{"line":132,"column":5}},"type":"if","locations":[{"start":{"line":128,"column":4},"end":{"line":132,"column":5}},{"start":{"line":130,"column":11},"end":{"line":132,"column":5}}],"line":128},"9":{"loc":{"start":{"line":152,"column":6},"end":{"line":157,"column":5}},"type":"if","locations":[{"start":{"line":152,"column":6},"end":{"line":157,"column":5}},{"start":{"line":154,"column":11},"end":{"line":157,"column":5}}],"line":152},"10":{"loc":{"start":{"line":156,"column":21},"end":{"line":156,"column":40}},"type":"cond-expr","locations":[{"start":{"line":156,"column":31},"end":{"line":156,"column":34}},{"start":{"line":156,"column":37},"end":{"line":156,"column":40}}],"line":156}},"s":{"0":3,"1":3,"2":3,"3":3,"4":3,"5":3,"6":3,"7":3,"8":1,"9":1,"10":0,"11":1,"12":1,"13":1,"14":0,"15":0,"16":3,"17":1,"18":1,"19":1,"20":1,"21":1,"22":1,"23":0,"24":3,"25":3,"26":3,"27":3,"28":1,"29":2,"30":2,"31":2,"32":1,"33":1,"34":0,"35":0,"36":0,"37":3,"38":1,"39":1,"40":1,"41":0,"42":3,"43":2,"44":2,"45":2,"46":2,"47":1,"48":1,"49":0,"50":3,"51":2,"52":2,"53":2,"54":1,"55":1,"56":1,"57":0,"58":3},"f":{"0":1,"1":1,"2":3,"3":1,"4":2,"5":2},"b":{"0":[0,1],"1":[1,1,1],"2":[0,1],"3":[0,1],"4":[1,2],"5":[3,3],"6":[1,1],"7":[0,0],"8":[1,1],"9":[1,1],"10":[1,0]},"_coverageSchema":"1a1c01bbd47fc00a2c39e90264f33305004495a9","hash":"afd4094f5b5cab68b131b7bbd9acbfd00c45cdd8"}
}
