TN:
SF:server.js
FNF:0
FNH:0
DA:1,3
DA:2,3
DA:4,3
DA:6,3
DA:7,3
DA:8,3
DA:9,3
DA:11,3
DA:13,3
DA:15,3
LF:10
LH:10
BRF:0
BRH:0
end_of_record
TN:
SF:test-utils.js
FN:10,(anonymous_0)
FN:12,(anonymous_1)
FN:15,(anonymous_2)
FN:19,(anonymous_3)
FN:20,(anonymous_4)
FN:23,(anonymous_5)
FN:31,(anonymous_6)
FN:33,(anonymous_7)
FNF:8
FNH:6
FNDA:3,(anonymous_0)
FNDA:9,(anonymous_1)
FNDA:3,(anonymous_2)
FNDA:47,(anonymous_3)
FNDA:141,(anonymous_4)
FNDA:1,(anonymous_5)
FNDA:0,(anonymous_6)
FNDA:0,(anonymous_7)
DA:1,3
DA:2,3
DA:8,3
DA:10,3
DA:11,3
DA:12,9
DA:15,3
DA:16,3
DA:19,3
DA:20,141
DA:23,3
DA:24,1
DA:25,1
DA:26,1
DA:28,1
DA:31,3
DA:32,0
DA:33,0
DA:34,0
DA:36,0
LF:20
LH:16
BRDA:25,0,0,1
BRDA:25,0,1,0
BRF:2
BRH:1
end_of_record
TN:
SF:daos/suggestions.js
FN:13,(anonymous_0)
FN:24,(anonymous_1)
FN:37,(anonymous_2)
FN:47,(anonymous_3)
FN:62,(anonymous_4)
FNF:5
FNH:5
FNDA:5,(anonymous_0)
FNDA:1,(anonymous_1)
FNDA:1,(anonymous_2)
FNDA:5,(anonymous_3)
FNDA:2,(anonymous_4)
DA:1,3
DA:3,3
DA:5,3
DA:13,3
DA:14,5
DA:24,3
DA:25,1
DA:26,0
DA:28,1
DA:29,1
DA:37,3
DA:38,1
DA:47,3
DA:48,5
DA:49,5
DA:50,4
DA:52,1
DA:62,3
DA:63,2
DA:64,2
DA:66,0
DA:71,3
LF:22
LH:20
BRDA:25,0,0,0
BRDA:25,0,1,1
BRF:2
BRH:1
end_of_record
TN:
SF:daos/token.js
FN:14,(anonymous_0)
FN:30,(anonymous_1)
FN:45,(anonymous_2)
FNF:3
FNH:3
FNDA:84,(anonymous_0)
FNDA:49,(anonymous_1)
FNDA:2,(anonymous_2)
DA:1,3
DA:2,3
DA:4,3
DA:6,3
DA:14,3
DA:15,84
DA:16,84
DA:17,84
DA:18,84
DA:20,0
DA:30,3
DA:31,49
DA:32,49
DA:33,49
DA:35,11
DA:45,3
DA:46,2
DA:47,2
DA:48,2
DA:50,0
DA:51,0
DA:56,3
LF:22
LH:19
BRDA:15,0,0,84
BRDA:15,0,1,0
BRF:2
BRH:1
end_of_record
TN:
SF:daos/user.js
FN:13,(anonymous_0)
FN:23,(anonymous_1)
FN:38,(anonymous_2)
FNF:3
FNH:3
FNDA:96,(anonymous_0)
FNDA:113,(anonymous_1)
FNDA:4,(anonymous_2)
DA:1,3
DA:3,3
DA:5,3
DA:13,3
DA:14,96
DA:23,3
DA:24,113
DA:25,113
DA:27,0
DA:38,3
DA:39,4
DA:40,4
DA:45,4
DA:47,0
DA:48,0
DA:53,3
LF:16
LH:13
BRF:0
BRH:0
end_of_record
TN:
SF:daos/watchlist.js
FN:13,(anonymous_0)
FN:24,(anonymous_1)
FN:37,(anonymous_2)
FN:47,(anonymous_3)
FN:62,(anonymous_4)
FN:78,(anonymous_5)
FNF:6
FNH:6
FNDA:1,(anonymous_0)
FNDA:2,(anonymous_1)
FNDA:1,(anonymous_2)
FNDA:2,(anonymous_3)
FNDA:1,(anonymous_4)
FNDA:1,(anonymous_5)
DA:1,3
DA:3,3
DA:5,3
DA:13,3
DA:14,1
DA:24,3
DA:25,2
DA:26,1
DA:28,1
DA:29,1
DA:37,3
DA:38,1
DA:47,3
DA:48,2
DA:49,2
DA:50,1
DA:52,1
DA:62,3
DA:63,1
DA:64,1
DA:65,1
DA:67,0
DA:68,0
DA:78,3
DA:79,1
DA:88,3
LF:26
LH:24
BRDA:25,0,0,1
BRDA:25,0,1,1
BRF:2
BRH:2
end_of_record
TN:
SF:middleware/isAuthorized.js
FN:9,(anonymous_0)
FNF:1
FNH:1
FNDA:15,(anonymous_0)
DA:1,3
DA:9,3
DA:11,15
DA:13,15
DA:15,15
DA:17,15
DA:19,15
DA:20,10
DA:22,5
DA:26,0
DA:30,0
DA:34,3
LF:12
LH:10
BRDA:13,0,0,15
BRDA:13,0,1,0
BRDA:19,1,0,10
BRDA:19,1,1,5
BRF:4
BRH:3
end_of_record
TN:
SF:middleware/isLoggedIn.js
FN:11,(anonymous_0)
FNF:1
FNH:1
FNDA:57,(anonymous_0)
DA:2,3
DA:11,3
DA:12,57
DA:14,57
DA:16,49
DA:17,49
DA:19,49
DA:20,11
DA:22,38
DA:23,38
DA:24,38
DA:27,8
DA:31,3
LF:13
LH:13
BRDA:14,0,0,49
BRDA:14,0,1,8
BRDA:14,1,0,57
BRDA:14,1,1,49
BRDA:19,2,0,11
BRDA:19,2,1,38
BRF:6
BRH:6
end_of_record
TN:
SF:models/suggestion.js
FNF:0
FNH:0
DA:1,3
DA:3,3
DA:18,3
LF:3
LH:3
BRF:0
BRH:0
end_of_record
TN:
SF:models/token.js
FNF:0
FNH:0
DA:1,3
DA:3,3
DA:9,3
LF:3
LH:3
BRF:0
BRH:0
end_of_record
TN:
SF:models/user.js
FNF:0
FNH:0
DA:1,3
DA:3,3
DA:9,3
LF:3
LH:3
BRF:0
BRH:0
end_of_record
TN:
SF:models/watchlist.js
FNF:0
FNH:0
DA:1,3
DA:3,3
DA:13,3
DA:15,3
LF:4
LH:4
BRF:0
BRH:0
end_of_record
TN:
SF:routes/auth.js
FN:19,(anonymous_0)
FN:48,(anonymous_1)
FN:86,(anonymous_2)
FN:115,(anonymous_3)
FNF:4
FNH:4
FNDA:98,(anonymous_0)
FNDA:91,(anonymous_1)
FNDA:5,(anonymous_2)
FNDA:2,(anonymous_3)
DA:1,3
DA:2,3
DA:3,3
DA:5,3
DA:6,3
DA:8,3
DA:19,3
DA:20,98
DA:21,98
DA:22,2
DA:24,96
DA:25,96
DA:26,96
DA:27,96
DA:28,87
DA:30,9
DA:31,9
DA:33,0
DA:48,3
DA:49,91
DA:51,91
DA:52,2
DA:54,89
DA:55,89
DA:57,89
DA:58,1
DA:60,88
DA:62,88
DA:63,4
DA:65,84
DA:66,84
DA:70,0
DA:86,3
DA:87,5
DA:88,5
DA:89,5
DA:90,1
DA:92,4
DA:93,4
DA:94,4
DA:95,0
DA:97,4
DA:101,0
DA:115,3
DA:116,2
DA:117,2
DA:119,2
DA:120,2
DA:122,0
DA:126,0
DA:131,3
LF:51
LH:45
BRDA:21,0,0,2
BRDA:21,0,1,96
BRDA:21,1,0,98
BRDA:21,1,1,98
BRDA:30,2,0,9
BRDA:30,2,1,0
BRDA:51,3,0,2
BRDA:51,3,1,89
BRDA:51,4,0,91
BRDA:51,4,1,91
BRDA:57,5,0,1
BRDA:57,5,1,88
BRDA:62,6,0,4
BRDA:62,6,1,84
BRDA:89,7,0,1
BRDA:89,7,1,4
BRDA:94,8,0,0
BRDA:94,8,1,4
BRDA:119,9,0,2
BRDA:119,9,1,0
BRF:20
BRH:17
end_of_record
TN:
SF:routes/index.js
FNF:0
FNH:0
DA:1,3
DA:2,3
DA:4,3
DA:5,3
DA:6,3
DA:8,3
LF:6
LH:6
BRF:0
BRH:0
end_of_record
TN:
SF:routes/suggestions.js
FN:23,(anonymous_0)
FN:49,(anonymous_1)
FN:90,(anonymous_2)
FN:108,(anonymous_3)
FN:132,(anonymous_4)
FN:157,(anonymous_5)
FNF:6
FNH:5
FNDA:6,(anonymous_0)
FNDA:3,(anonymous_1)
FNDA:1,(anonymous_2)
FNDA:2,(anonymous_3)
FNDA:4,(anonymous_4)
FNDA:0,(anonymous_5)
DA:1,3
DA:2,3
DA:4,3
DA:5,3
DA:6,3
DA:8,3
DA:9,3
DA:10,3
DA:11,3
DA:23,3
DA:24,6
DA:25,6
DA:27,6
DA:28,6
DA:29,1
DA:31,5
DA:32,5
DA:33,5
DA:35,0
DA:49,3
DA:51,3
DA:52,3
DA:53,3
DA:55,3
DA:57,3
DA:59,2
DA:60,1
DA:63,1
DA:64,1
DA:65,1
DA:67,0
DA:68,0
DA:70,0
DA:76,1
DA:90,3
DA:91,1
DA:92,1
DA:93,1
DA:95,0
DA:108,3
DA:109,2
DA:111,2
DA:112,2
DA:113,2
DA:114,1
DA:116,1
DA:119,0
DA:132,3
DA:133,4
DA:134,4
DA:136,4
DA:137,2
DA:139,2
DA:140,2
DA:143,0
DA:157,3
DA:158,0
DA:159,0
DA:161,0
DA:162,0
DA:163,0
DA:164,0
DA:165,0
DA:166,0
DA:167,0
DA:168,0
DA:172,0
DA:175,0
DA:181,3
LF:69
LH:50
BRDA:28,0,0,1
BRDA:28,0,1,5
BRDA:28,1,0,6
BRDA:28,1,1,5
BRDA:28,1,2,5
BRDA:57,2,0,2
BRDA:57,2,1,1
BRDA:59,3,0,1
BRDA:59,3,1,1
BRDA:59,4,0,2
BRDA:59,4,1,2
BRDA:67,5,0,0
BRDA:67,5,1,0
BRDA:113,6,0,1
BRDA:113,6,1,1
BRDA:136,7,0,2
BRDA:136,7,1,2
BRDA:140,8,0,2
BRDA:140,8,1,0
BRDA:161,9,0,0
BRDA:161,9,1,0
BRDA:166,10,0,0
BRDA:166,10,1,0
BRF:23
BRH:16
end_of_record
TN:
SF:routes/watchlist.js
FN:22,(anonymous_0)
FN:47,(anonymous_1)
FN:70,(anonymous_2)
FN:104,(anonymous_3)
FN:123,(anonymous_4)
FN:148,(anonymous_5)
FNF:6
FNH:6
FNDA:1,(anonymous_0)
FNDA:1,(anonymous_1)
FNDA:3,(anonymous_2)
FNDA:1,(anonymous_3)
FNDA:2,(anonymous_4)
FNDA:2,(anonymous_5)
DA:1,3
DA:2,3
DA:4,3
DA:6,3
DA:7,3
DA:8,3
DA:9,3
DA:22,3
DA:23,1
DA:25,1
DA:26,0
DA:28,1
DA:29,1
DA:30,1
DA:32,0
DA:33,0
DA:47,3
DA:48,1
DA:49,1
DA:50,1
DA:51,1
DA:52,1
DA:53,1
DA:55,0
DA:70,3
DA:72,3
DA:73,3
DA:75,3
DA:76,1
DA:78,2
DA:79,2
DA:80,2
DA:81,1
DA:83,1
DA:86,0
DA:87,0
DA:89,0
DA:104,3
DA:105,1
DA:106,1
DA:107,1
DA:109,0
DA:123,3
DA:124,2
DA:126,2
DA:127,2
DA:128,2
DA:129,1
DA:131,1
DA:134,0
DA:148,3
DA:149,2
DA:150,2
DA:152,2
DA:153,1
DA:155,1
DA:156,1
DA:159,0
DA:165,3
LF:59
LH:49
BRDA:25,0,0,0
BRDA:25,0,1,1
BRDA:25,1,0,1
BRDA:25,1,1,1
BRDA:25,1,2,1
BRDA:49,2,0,0
BRDA:49,2,1,1
BRDA:50,3,0,0
BRDA:50,3,1,1
BRDA:75,4,0,1
BRDA:75,4,1,2
BRDA:75,5,0,3
BRDA:75,5,1,3
BRDA:80,6,0,1
BRDA:80,6,1,1
BRDA:86,7,0,0
BRDA:86,7,1,0
BRDA:128,8,0,1
BRDA:128,8,1,1
BRDA:152,9,0,1
BRDA:152,9,1,1
BRDA:156,10,0,1
BRDA:156,10,1,0
BRF:23
BRH:17
end_of_record
